
Image Name                     PID Session Name        Session#    Mem Usage
========================= ======== ================ =========== ============
System Idle Process              0 Services                   0          8 K
System                           4 Services                   0        156 K
Registry                       168 Services                   0     88,892 K
smss.exe                       548 Services                   0      1,060 K
csrss.exe                      904 Services                   0      5,240 K
wininit.exe                    132 Services                   0      5,628 K
csrss.exe                      140 Console                    1      5,244 K
services.exe                   816 Services                   0     10,092 K
lsass.exe                      928 Services                   0     16,252 K
winlogon.exe                  1092 Console                    1     10,064 K
svchost.exe                   1208 Services                   0      3,592 K
svchost.exe                   1232 Services                   0     27,140 K
fontdrvhost.exe               1240 Services                   0      2,152 K
fontdrvhost.exe               1248 Console                    1      8,016 K
svchost.exe                   1348 Services                   0     14,264 K
svchost.exe                   1396 Services                   0      7,308 K
svchost.exe                   1568 Services                   0      8,776 K
svchost.exe                   1612 Services                   0      8,000 K
svchost.exe                   1688 Services                   0      6,300 K
svchost.exe                   1696 Services                   0      6,788 K
svchost.exe                   1800 Services                   0     14,224 K
svchost.exe                   1836 Services                   0      8,048 K
svchost.exe                   1932 Services                   0      7,528 K
dwm.exe                       1972 Console                    1     55,672 K
igfxCUIService.exe             852 Services                   0      6,788 K
svchost.exe                   1368 Services                   0      8,112 K
svchost.exe                   2072 Services                   0     10,196 K
svchost.exe                   2116 Services                   0     12,764 K
svchost.exe                   2176 Services                   0      5,316 K
svchost.exe                   2248 Services                   0      8,688 K
svchost.exe                   2280 Services                   0      7,816 K
svchost.exe                   2360 Services                   0      7,076 K
svchost.exe                   2372 Services                   0      5,508 K
svchost.exe                   2480 Services                   0     12,036 K
svchost.exe                   2516 Services                   0      7,636 K
svchost.exe                   2636 Services                   0      8,008 K
svchost.exe                   2764 Services                   0      9,168 K
svchost.exe                   2788 Services                   0     13,592 K
svchost.exe                   2916 Services                   0      6,728 K
NetworkCap.exe                2940 Services                   0      8,384 K
SysInfoCap.exe                2948 Services                   0     12,216 K
TouchpointAnalyticsClient     3060 Services                   0     52,152 K
svchost.exe                   3100 Services                   0     11,896 K
AppHelperCap.exe              3140 Services                   0      5,196 K
svchost.exe                   3348 Services                   0     17,896 K
NVDisplay.Container.exe       3572 Services                   0     15,652 K
atiesrxx.exe                  3616 Services                   0      5,212 K
NVDisplay.Container.exe       3784 Console                    1     43,328 K
svchost.exe                   3948 Services                   0      5,152 K
svchost.exe                   3944 Services                   0    107,816 K
wsc_proxy.exe                 3960 Services                   0      9,608 K
Memory Compression            4016 Services                   0     94,268 K
WmiPrvSE.exe                  4056 Services                   0      8,668 K
atieclxx.exe                  3204 Console                    1      8,732 K
svchost.exe                   3924 Services                   0      6,616 K
svchost.exe                   4100 Services                   0      6,988 K
svchost.exe                   4240 Services                   0     12,336 K
svchost.exe                   4400 Services                   0      5,760 K
svchost.exe                   4408 Services                   0      8,860 K
svchost.exe                   4568 Services                   0     15,916 K
svchost.exe                   4596 Services                   0      9,784 K
AvastSvc.exe                  4604 Services                   0    188,788 K
AsusOptimization.exe          4720 Services                   0      5,492 K
wlanext.exe                   4992 Services                   0      6,828 K
conhost.exe                   5000 Services                   0      4,480 K
spoolsv.exe                   4592 Services                   0     11,368 K
svchost.exe                   3548 Services                   0     16,200 K
svchost.exe                   5168 Services                   0      6,528 K
agent_ovpnconnect_1559309     5352 Services                   0      5,744 K
ArmouryCrateControlInterf     5376 Services                   0      6,272 K
svchost.exe                   5388 Services                   0      4,908 K
AsusLinkRemote.exe            5396 Services                   0      7,476 K
AsusSystemDiagnosis.exe       5404 Services                   0      4,508 K
mDNSResponder.exe             5416 Services                   0      6,140 K
Htc.Identity.Service.exe      5424 Services                   0     14,900 K
SECOMN64.exe                  5444 Services                   0      7,456 K
svchost.exe                   5452 Services                   0     33,704 K
svchost.exe                   5460 Services                   0     25,024 K
AsusSystemAnalysis.exe        5468 Services                   0     12,024 K
svchost.exe                   5476 Services                   0      6,624 K
svchost.exe                   5484 Services                   0     14,116 K
svchost.exe                   5492 Services                   0     15,236 K
svchost.exe                   5500 Services                   0      7,116 K
OneApp.IGCC.WinService.ex     5508 Services                   0     26,952 K
svchost.exe                   5516 Services                   0      4,900 K
svchost.exe                   5524 Services                   0      5,436 K
esif_uf.exe                   5544 Services                   0      4,472 K
svchost.exe                   5848 Services                   0      5,232 K
svchost.exe                   5860 Services                   0      5,104 K
RtkBtManServ.exe              6028 Services                   0      6,464 K
armsvc.exe                    6068 Services                   0      5,628 K
sqlwriter.exe                 6076 Services                   0      6,028 K
AsusSoftwareManager.exe       6084 Services                   0      8,012 K
ETDService.exe                6092 Services                   0      4,844 K
AsusLinkNear.exe              6100 Services                   0      7,928 K
DtsApo4Service.exe            6108 Services                   0      6,544 K
IntelCpHDCPSvc.exe            6116 Services                   0      5,656 K
RtkAudUService64.exe          6124 Services                   0      7,728 K
svchost.exe                    832 Services                   0      7,796 K
svchost.exe                   6560 Services                   0     10,140 K
jhi_service.exe               6768 Services                   0      4,500 K
sqlceip.exe                   7152 Services                   0     54,616 K
svchost.exe                   6372 Services                   0      5,860 K
sqlservr.exe                  6548 Services                   0    124,060 K
AsusOptimizationStartupTa     7980 Console                    1      5,484 K
ETDCtrl.exe                   8068 Console                    1     11,324 K
sihost.exe                    8104 Console                    1     22,848 K
svchost.exe                   1216 Console                    1     16,984 K
svchost.exe                   1528 Console                    1     31,164 K
taskhostw.exe                 1488 Console                    1     15,776 K
svchost.exe                   5272 Services                   0      6,864 K
ctfmon.exe                    1980 Console                    1     12,684 K
svchost.exe                   3216 Services                   0     13,628 K
svchost.exe                   4704 Services                   0     13,328 K
explorer.exe                  8164 Console                    1    116,276 K
svchost.exe                   5336 Console                    1     16,240 K
aswEngSrv.exe                 8532 Services                   0    161,728 K
SearchIndexer.exe              808 Services                   0     42,536 K
RtkAudUService64.exe          2960 Console                    1        600 K
svchost.exe                   5576 Services                   0      8,396 K
RuntimeBroker.exe             1996 Console                    1     25,052 K
aswidsagent.exe               1356 Services                   0     75,740 K
MicrosoftEdge.exe             9404 Console                    1     38,152 K
ApplicationFrameHost.exe      9552 Console                    1     32,816 K
schtasks.exe                  9632 Console                    1      4,712 K
SkypeBackgroundHost.exe       9656 Console                    1      7,736 K
conhost.exe                   9664 Console                    1      4,656 K
browser_broker.exe           10200 Console                    1     11,748 K
RadeonSettings.exe            4448 Console                    1     68,132 K
dllhost.exe                   7684 Console                    1     10,748 K
unsecapp.exe                  8064 Services                   0     10,072 K
RuntimeBroker.exe             5636 Console                    1      6,308 K
svchost.exe                   3148 Services                   0      7,944 K
MicrosoftEdgeCP.exe           7416 Console                    1     17,856 K
MicrosoftEdgeSH.exe           8216 Console                    1     11,140 K
RuntimeBroker.exe             4168 Console                    1     32,508 K
AMDRSServ.exe                 1748 Console                    1     10,664 K
svchost.exe                   4980 Services                   0      7,588 K
svchost.exe                   7348 Services                   0     21,628 K
svchost.exe                   5320 Console                    1     10,280 K
OneDrive.exe                 10012 Console                    1     45,836 K
AvastUI.exe                   2804 Console                    1     84,380 K
RuntimeBroker.exe            10276 Console                    1     21,088 K
SearchUI.exe                 10520 Console                    1    185,620 K
ShellExperienceHost.exe       9056 Console                    1     57,180 K
RuntimeBroker.exe            10592 Console                    1     24,572 K
svchost.exe                   1432 Services                   0      7,292 K
IAStorIcon.exe                5100 Console                    1     33,820 K
SkypeApp.exe                  7436 Console                    1     27,140 K
YourPhone.exe                 1196 Console                    1     22,864 K
svchost.exe                   7880 Services                   0     10,576 K
RuntimeBroker.exe             2124 Console                    1     11,220 K
SecurityHealthService.exe    11440 Services                   0     10,828 K
RuntimeBroker.exe            11756 Console                    1      9,284 K
GoogleCrashHandler.exe       11708 Services                   0        108 K
GoogleCrashHandler64.exe     12752 Services                   0         76 K
svchost.exe                   7924 Services                   0     17,456 K
VBoxSVC.exe                  13036 Console                    1     22,476 K
AvastUI.exe                  11620 Console                    1     32,500 K
VBoxSDS.exe                  13628 Services                   0      9,652 K
dllhost.exe                  14088 Console                    1      7,408 K
SgrmBroker.exe               14212 Services                   0      5,812 K
svchost.exe                  13720 Services                   0      8,156 K
CompPkgSrv.exe                9116 Console                    1      6,836 K
svchost.exe                  14220 Services                   0     10,372 K
WinStore.App.exe             13876 Console                    1      3,264 K
RuntimeBroker.exe             9508 Console                    1     13,632 K
Video.UI.exe                 11640 Console                    1        136 K
RuntimeBroker.exe            11988 Console                    1      8,388 K
SystemSettings.exe           12620 Console                    1        176 K
svchost.exe                   4764 Services                   0     10,060 K
AsusSoftwareManagerAgent.     1744 Console                    1     34,992 K
Time.exe                     13232 Console                    1        152 K
RuntimeBroker.exe             5364 Console                    1     13,348 K
Calculator.exe                9428 Console                    1        132 K
svchost.exe                   7696 Services                   0      7,204 K
StartMenuExperienceHost.e    13176 Console                    1     88,020 K
devenv.exe                   11684 Console                    1    493,524 K
PerfWatson2.exe              11036 Console                    1     74,724 K
Microsoft.ServiceHub.Cont    13444 Console                    1     51,108 K
conhost.exe                   1472 Console                    1     11,180 K
ServiceHub.IdentityHost.e    12380 Console                    1     37,724 K
conhost.exe                   4360 Console                    1     11,184 K
ServiceHub.ThreadedWaitDi    12760 Console                    1     86,124 K
conhost.exe                  13808 Console                    1     11,180 K
ServiceHub.VSDetouredHost    14216 Console                    1     67,660 K
conhost.exe                  14172 Console                    1     11,180 K
MSBuild.exe                   3564 Console                    1     44,156 K
conhost.exe                  12216 Console                    1     11,288 K
ServiceHub.RoslynCodeAnal    10600 Console                    1    177,740 K
conhost.exe                   9776 Console                    1     11,192 K
ServiceHub.Host.CLR.x86.e     9476 Console                    1     69,292 K
conhost.exe                  11288 Console                    1     11,184 K
ServiceHub.Host.CLR.x86.e    11080 Console                    1    163,108 K
conhost.exe                  10196 Console                    1     11,184 K
ServiceHub.SettingsHost.e    10256 Console                    1     55,184 K
conhost.exe                  10396 Console                    1     11,180 K
ServiceHub.TestWindowStor    13172 Console                    1     54,564 K
conhost.exe                  12544 Console                    1     11,176 K
ServiceHub.DataWarehouseH    13300 Console                    1     95,832 K
conhost.exe                  11380 Console                    1     11,184 K
VirtualBoxVM.exe             13436 Console                    1      7,648 K
VirtualBoxVM.exe             15544 Console                    1      4,928 K
VirtualBoxVM.exe              4612 Console                    1    151,620 K
VBCSCompiler.exe             12336 Console                    1     74,036 K
conhost.exe                  15464 Console                    1     11,164 K
StandardCollector.Service    14072 Services                   0     93,452 K
cmd.exe                      15468 Console                    1      4,124 K
conhost.exe                   1328 Console                    1     16,876 K
svchost.exe                   4012 Services                   0     12,072 K
SearchProtocolHost.exe       13708 Services                   0     10,112 K
SearchFilterHost.exe          7192 Services                   0      6,424 K
WmiPrvSE.exe                 16928 Services                   0     10,236 K
ScriptedSandbox64.exe        16644 Console                    1     54,024 K
NSGeoTrace.exe                 784 Console                    1     13,288 K
conhost.exe                  16508 Console                    1     15,912 K
tasklist.exe                  6148 Console                    1     11,576 K
